#
# There is insufficient memory for the Java Runtime Environment to continue.
# Native memory allocation (malloc) failed to allocate 2183856 bytes for Chunk::new
# Possible reasons:
#   The system is out of physical RAM or swap space
#   In 32 bit mode, the process size limit was hit
# Possible solutions:
#   Reduce memory load on the system
#   Increase physical memory or swap space
#   Check if swap backing store is full
#   Use 64 bit Java on a 64 bit OS
#   Decrease Java heap size (-Xmx/-Xms)
#   Decrease number of Java threads
#   Decrease Java thread stack sizes (-Xss)
#   Set larger code cache with -XX:ReservedCodeCacheSize=
# This output file may be truncated or incomplete.
#
#  Out of Memory Error (allocation.cpp:390), pid=11764, tid=0x00000000000023d0
#
# JRE version: Java(TM) SE Runtime Environment (8.0_111-b14) (build 1.8.0_111-b14)
# Java VM: Java HotSpot(TM) 64-Bit Server VM (25.111-b14 mixed mode windows-amd64 compressed oops)
# Failed to write core dump. Minidumps are not enabled by default on client versions of Windows
#

---------------  T H R E A D  ---------------

Current thread (0x0000000017e12800):  JavaThread "C2 CompilerThread1" daemon [_thread_in_native, id=9168, stack(0x0000000019570000,0x0000000019670000)]

Stack: [0x0000000019570000,0x0000000019670000]
[error occurred during error reporting (printing stack bounds), id 0xc0000005]

Native frames: (J=compiled Java code, j=interpreted, Vv=VM code, C=native code)


Current CompileTask:
C2:  14947 1643       4       java.net.URLClassLoader$1::run (5 bytes)


---------------  P R O C E S S  ---------------

Java Threads: ( => current thread )
  0x00000000197cc800 JavaThread "Stdin handler" [_thread_blocked, id=5916, stack(0x000000001c570000,0x000000001c670000)]
  0x00000000197cc000 JavaThread "Asynchronous log dispatcher for org.gradle.launcher.daemon.server.DefaultDaemonConnection@ea534e6" [_thread_blocked, id=11972, stack(0x000000001c470000,0x000000001c570000)]
  0x000000001a0a6000 JavaThread "Daemon worker" [_thread_in_vm, id=15000, stack(0x000000001c370000,0x000000001c470000)]
  0x000000001978a800 JavaThread "Cancel handler" [_thread_blocked, id=14308, stack(0x000000001c270000,0x000000001c370000)]
  0x0000000019dcc800 JavaThread "Handler for socket connection from /127.0.0.1:55147 to /127.0.0.1:55148" [_thread_in_native, id=3264, stack(0x000000001c170000,0x000000001c270000)]
  0x000000001a613000 JavaThread "Daemon" [_thread_blocked, id=11732, stack(0x000000001c070000,0x000000001c170000)]
  0x0000000019da6000 JavaThread "Incoming local TCP Connector on port 55147" [_thread_in_native, id=4672, stack(0x000000001b980000,0x000000001ba80000)]
  0x000000001a9a0800 JavaThread "pool-1-thread-1" [_thread_blocked, id=12276, stack(0x000000001b880000,0x000000001b980000)]
  0x0000000019675800 JavaThread "Service Thread" daemon [_thread_blocked, id=3568, stack(0x0000000019b70000,0x0000000019c70000)]
  0x0000000019670800 JavaThread "C1 CompilerThread2" daemon [_thread_blocked, id=13656, stack(0x0000000019a70000,0x0000000019b70000)]
=>0x0000000017e12800 JavaThread "C2 CompilerThread1" daemon [_thread_in_native, id=9168, stack(0x0000000019570000,0x0000000019670000)]
  0x0000000017e10000 JavaThread "C2 CompilerThread0" daemon [_thread_in_native, id=3332, stack(0x0000000019470000,0x0000000019570000)]
  0x0000000017e0b800 JavaThread "Attach Listener" daemon [_thread_blocked, id=13708, stack(0x0000000019370000,0x0000000019470000)]
  0x00000000031ee800 JavaThread "Signal Dispatcher" daemon [_thread_blocked, id=10228, stack(0x0000000019270000,0x0000000019370000)]
  0x00000000031e6000 JavaThread "Finalizer" daemon [_thread_blocked, id=12380, stack(0x0000000019080000,0x0000000019180000)]
  0x00000000031e0800 JavaThread "Reference Handler" daemon [_thread_blocked, id=8772, stack(0x0000000018f80000,0x0000000019080000)]
  0x0000000002f2e000 JavaThread "main" [_thread_blocked, id=10868, stack(0x0000000002ff0000,0x00000000030f0000)]

Other Threads:
  0x0000000017dd7000 VMThread [stack: 0x0000000018e80000,0x0000000018f80000] [id=13396]
  0x000000001967a000 WatcherThread [stack: 0x0000000019c70000,0x0000000019d70000] [id=9264]

VM state:not at safepoint (normal execution)

VM Mutex/Monitor currently owned by a thread: None

Heap:
 PSYoungGen      total 71680K, used 47002K [0x00000000d5580000, 0x00000000da080000, 0x0000000100000000)
  eden space 66560K, 62% used [0x00000000d5580000,0x00000000d7e6a2a8,0x00000000d9680000)
  from space 5120K, 99% used [0x00000000d9b80000,0x00000000da07c8c8,0x00000000da080000)
  to   space 5120K, 0% used [0x00000000d9680000,0x00000000d9680000,0x00000000d9b80000)
 ParOldGen       total 87552K, used 717K [0x0000000080000000, 0x0000000085580000, 0x00000000d5580000)
  object space 87552K, 0% used [0x0000000080000000,0x00000000800b37f0,0x0000000085580000)
 Metaspace       used 19485K, capacity 19810K, committed 19840K, reserved 1067008K
  class space    used 2570K, capacity 2680K, committed 2688K, reserved 1048576K

Card table byte_map: [0x00000000125b0000,0x00000000129c0000] byte_map_base: 0x00000000121b0000

Marking Bits: (ParMarkBitMap*) 0x0000000050cea6c0
 Begin Bits: [0x0000000013070000, 0x0000000015070000)
 End Bits:   [0x0000000015070000, 0x0000000017070000)

Polling page: 0x0000000002e90000

CodeCache: size=245760Kb used=6939Kb max_used=6952Kb free=238820Kb
 bounds [0x00000000031f0000, 0x00000000038c0000, 0x00000000121f0000]
 total_blobs=2334 nmethods=1714 adapters=532
 compilation: enabled

Compilation events (10 events):
Event: 14.917 Thread 0x0000000019670800 1709       3       java.beans.PropertyDescriptor::setClass0 (25 bytes)
Event: 14.918 Thread 0x0000000017e10000 nmethod 1715 0x00000000038b4510 code [0x00000000038b4640, 0x00000000038b4718]
Event: 14.918 Thread 0x0000000019670800 nmethod 1709 0x00000000038b4c50 code [0x00000000038b4e40, 0x00000000038b5958]
Event: 14.918 Thread 0x0000000019670800 1717       1       groovy.lang.MetaBeanProperty::getGetter (5 bytes)
Event: 14.918 Thread 0x0000000019670800 nmethod 1717 0x00000000038b4990 code [0x00000000038b4ae0, 0x00000000038b4bf0]
Event: 14.918 Thread 0x0000000019670800 1718       1       groovy.lang.MetaBeanProperty::getField (5 bytes)
Event: 14.918 Thread 0x0000000019670800 nmethod 1718 0x00000000038ab550 code [0x00000000038ab6a0, 0x00000000038ab7b0]
Event: 14.935 Thread 0x0000000017e10000 1719       4       java.io.DataOutputStream::writeByte (14 bytes)
Event: 14.936 Thread 0x0000000017e10000 nmethod 1719 0x00000000038b9090 code [0x00000000038b91e0, 0x00000000038b9278]
Event: 14.936 Thread 0x0000000017e10000 1720  s    4       java.io.DataOutputStream::write (14 bytes)

GC Heap History (4 events):
Event: 2.959 GC heap before
{Heap before GC invocations=1 (full 0):
 PSYoungGen      total 38400K, used 33280K [0x00000000d5580000, 0x00000000d8000000, 0x0000000100000000)
  eden space 33280K, 100% used [0x00000000d5580000,0x00000000d7600000,0x00000000d7600000)
  from space 5120K, 0% used [0x00000000d7b00000,0x00000000d7b00000,0x00000000d8000000)
  to   space 5120K, 0% used [0x00000000d7600000,0x00000000d7600000,0x00000000d7b00000)
 ParOldGen       total 87552K, used 0K [0x0000000080000000, 0x0000000085580000, 0x00000000d5580000)
  object space 87552K, 0% used [0x0000000080000000,0x0000000080000000,0x0000000085580000)
 Metaspace       used 5960K, capacity 6320K, committed 6528K, reserved 1056768K
  class space    used 773K, capacity 832K, committed 896K, reserved 1048576K
Event: 3.018 GC heap after
Heap after GC invocations=1 (full 0):
 PSYoungGen      total 38400K, used 4077K [0x00000000d5580000, 0x00000000da080000, 0x0000000100000000)
  eden space 33280K, 0% used [0x00000000d5580000,0x00000000d5580000,0x00000000d7600000)
  from space 5120K, 79% used [0x00000000d7600000,0x00000000d79fb718,0x00000000d7b00000)
  to   space 5120K, 0% used [0x00000000d9b80000,0x00000000d9b80000,0x00000000da080000)
 ParOldGen       total 87552K, used 8K [0x0000000080000000, 0x0000000085580000, 0x00000000d5580000)
  object space 87552K, 0% used [0x0000000080000000,0x0000000080002000,0x0000000085580000)
 Metaspace       used 5960K, capacity 6320K, committed 6528K, reserved 1056768K
  class space    used 773K, capacity 832K, committed 896K, reserved 1048576K
}
Event: 11.559 GC heap before
{Heap before GC invocations=2 (full 0):
 PSYoungGen      total 38400K, used 37357K [0x00000000d5580000, 0x00000000da080000, 0x0000000100000000)
  eden space 33280K, 100% used [0x00000000d5580000,0x00000000d7600000,0x00000000d7600000)
  from space 5120K, 79% used [0x00000000d7600000,0x00000000d79fb718,0x00000000d7b00000)
  to   space 5120K, 0% used [0x00000000d9b80000,0x00000000d9b80000,0x00000000da080000)
 ParOldGen       total 87552K, used 8K [0x0000000080000000, 0x0000000085580000, 0x00000000d5580000)
  object space 87552K, 0% used [0x0000000080000000,0x0000000080002000,0x0000000085580000)
 Metaspace       used 12396K, capacity 12796K, committed 12928K, reserved 1060864K
  class space    used 1697K, capacity 1814K, committed 1920K, reserved 1048576K
Event: 11.692 GC heap after
Heap after GC invocations=2 (full 0):
 PSYoungGen      total 71680K, used 5106K [0x00000000d5580000, 0x00000000da080000, 0x0000000100000000)
  eden space 66560K, 0% used [0x00000000d5580000,0x00000000d5580000,0x00000000d9680000)
  from space 5120K, 99% used [0x00000000d9b80000,0x00000000da07c8c8,0x00000000da080000)
  to   space 5120K, 0% used [0x00000000d9680000,0x00000000d9680000,0x00000000d9b80000)
 ParOldGen       total 87552K, used 717K [0x0000000080000000, 0x0000000085580000, 0x00000000d5580000)
  object space 87552K, 0% used [0x0000000080000000,0x00000000800b37f0,0x0000000085580000)
 Metaspace       used 12396K, capacity 12796K, committed 12928K, reserved 1060864K
  class space    used 1697K, capacity 1814K, committed 1920K, reserved 1048576K
}

Deoptimization events (10 events):
Event: 13.890 Thread 0x000000001a0a6000 Uncommon trap: reason=unstable_if action=reinterpret pc=0x0000000003486a24 method=java.lang.AbstractStringBuilder.append(Ljava/lang/String;)Ljava/lang/AbstractStringBuilder; @ 1
Event: 13.901 Thread 0x000000001a0a6000 Uncommon trap: reason=unstable_if action=reinterpret pc=0x00000000034256d0 method=java.lang.AbstractStringBuilder.append(Ljava/lang/String;)Ljava/lang/AbstractStringBuilder; @ 1
Event: 14.062 Thread 0x000000001a0a6000 Uncommon trap: reason=bimorphic action=maybe_recompile pc=0x00000000036465f0 method=java.lang.ClassLoader.loadClass(Ljava/lang/String;Z)Ljava/lang/Class; @ 38
Event: 14.062 Thread 0x000000001a0a6000 Uncommon trap: reason=bimorphic action=maybe_recompile pc=0x00000000036465f0 method=java.lang.ClassLoader.loadClass(Ljava/lang/String;Z)Ljava/lang/Class; @ 38
Event: 14.107 Thread 0x000000001a0a6000 Uncommon trap: reason=class_check action=maybe_recompile pc=0x00000000033a5858 method=sun.misc.URLClassPath.getLoader(I)Lsun/misc/URLClassPath$Loader; @ 94
Event: 14.107 Thread 0x000000001a0a6000 Uncommon trap: reason=class_check action=maybe_recompile pc=0x00000000034a5cd0 method=sun.misc.URLClassPath.getResource(Ljava/lang/String;Z)Lsun/misc/Resource; @ 62
Event: 14.110 Thread 0x000000001a0a6000 Uncommon trap: reason=bimorphic action=maybe_recompile pc=0x00000000036465f0 method=java.lang.ClassLoader.loadClass(Ljava/lang/String;Z)Ljava/lang/Class; @ 38
Event: 14.110 Thread 0x000000001a0a6000 Uncommon trap: reason=bimorphic action=maybe_recompile pc=0x00000000036465f0 method=java.lang.ClassLoader.loadClass(Ljava/lang/String;Z)Ljava/lang/Class; @ 38
Event: 14.158 Thread 0x000000001a0a6000 Uncommon trap: reason=class_check action=maybe_recompile pc=0x00000000033a59ec method=sun.misc.URLClassPath.getLoader(I)Lsun/misc/URLClassPath$Loader; @ 193
Event: 14.357 Thread 0x000000001a0a6000 Uncommon trap: reason=class_check action=maybe_recompile pc=0x00000000033a59ec method=sun.misc.URLClassPath.getLoader(I)Lsun/misc/URLClassPath$Loader; @ 193

Internal exceptions (10 events):
Event: 14.354 Thread 0x000000001a0a6000 Exception <a 'java/lang/ClassNotFoundException': org/gradle/initialization/SettingsScriptCustomizer> (0x00000000d77f58c8) thrown at [C:\re\workspace\8-2-build-windows-amd64-cygwin\jdk8u111\7883\hotspot\src\share\vm\classfile\systemDictionary.cpp, line 210
Event: 14.357 Thread 0x000000001a0a6000 Exception <a 'java/lang/ClassNotFoundException': settings_6ueeuo0opkfje47aqhcraceodCustomizer> (0x00000000d7806568) thrown at [C:\re\workspace\8-2-build-windows-amd64-cygwin\jdk8u111\7883\hotspot\src\share\vm\classfile\systemDictionary.cpp, line 210]
Event: 14.872 Thread 0x000000001a0a6000 Exception <a 'java/lang/ClassNotFoundException': org/gradle/initialization/DefaultSettings_DecoratedBeanInfo> (0x00000000d7c015f8) thrown at [C:\re\workspace\8-2-build-windows-amd64-cygwin\jdk8u111\7883\hotspot\src\share\vm\classfile\systemDictionary.cpp,
Event: 14.873 Thread 0x000000001a0a6000 Exception <a 'java/lang/ClassNotFoundException': org/gradle/initialization/DefaultSettingsBeanInfo> (0x00000000d7c1d998) thrown at [C:\re\workspace\8-2-build-windows-amd64-cygwin\jdk8u111\7883\hotspot\src\share\vm\classfile\systemDictionary.cpp, line 210]
Event: 14.874 Thread 0x000000001a0a6000 Exception <a 'java/lang/ClassNotFoundException': org/gradle/initialization/BaseSettingsBeanInfo> (0x00000000d7c38d90) thrown at [C:\re\workspace\8-2-build-windows-amd64-cygwin\jdk8u111\7883\hotspot\src\share\vm\classfile\systemDictionary.cpp, line 210]
Event: 14.875 Thread 0x000000001a0a6000 Exception <a 'java/lang/ClassNotFoundException': org/gradle/api/internal/project/AbstractPluginAwareBeanInfo> (0x00000000d7c593d8) thrown at [C:\re\workspace\8-2-build-windows-amd64-cygwin\jdk8u111\7883\hotspot\src\share\vm\classfile\systemDictionary.cpp,
Event: 14.876 Thread 0x000000001a0a6000 Exception <a 'java/lang/ClassNotFoundException': org/gradle/api/internal/project/AbstractPluginAwareCustomizer> (0x00000000d7c7a160) thrown at [C:\re\workspace\8-2-build-windows-amd64-cygwin\jdk8u111\7883\hotspot\src\share\vm\classfile\systemDictionary.cp
Event: 14.878 Thread 0x000000001a0a6000 Exception <a 'java/lang/ClassNotFoundException': org/gradle/initialization/BaseSettingsCustomizer> (0x00000000d7c9c5d8) thrown at [C:\re\workspace\8-2-build-windows-amd64-cygwin\jdk8u111\7883\hotspot\src\share\vm\classfile\systemDictionary.cpp, line 210]
Event: 14.890 Thread 0x000000001a0a6000 Exception <a 'java/lang/ClassNotFoundException': org/gradle/initialization/DefaultSettingsCustomizer> (0x00000000d7cdf118) thrown at [C:\re\workspace\8-2-build-windows-amd64-cygwin\jdk8u111\7883\hotspot\src\share\vm\classfile\systemDictionary.cpp, line 21
Event: 14.892 Thread 0x000000001a0a6000 Exception <a 'java/lang/ClassNotFoundException': org/gradle/initialization/DefaultSettings_DecoratedCustomizer> (0x00000000d7d05860) thrown at [C:\re\workspace\8-2-build-windows-amd64-cygwin\jdk8u111\7883\hotspot\src\share\vm\classfile\systemDictionary.cp

Events (10 events):
Event: 14.933 loading class org/gradle/internal/service/scopes/GradleScopeServices$4
Event: 14.933 loading class org/gradle/internal/service/scopes/GradleScopeServices$4 done
Event: 14.937 loading class org/gradle/api/CircularReferenceException
Event: 14.937 loading class org/gradle/api/CircularReferenceException done
Event: 14.940 loading class org/gradle/api/internal/project/ProjectStateInternal
Event: 14.940 loading class org/gradle/api/internal/project/ProjectStateInternal done
Event: 14.940 loading class org/gradle/api/AntBuilder
Event: 14.940 loading class org/gradle/api/AntBuilder done
Event: 14.941 loading class groovy/util/AntBuilder
Event: 14.941 loading class groovy/util/AntBuilder done


Dynamic libraries:
0x00007ff6f8e40000 - 0x00007ff6f8e77000 	C:\Program Files\Java\jdk1.8.0_111\bin\java.exe
0x00007ffeeebe0000 - 0x00007ffeeedb1000 	C:\WINDOWS\SYSTEM32\ntdll.dll
0x00007ffeed680000 - 0x00007ffeed72b000 	C:\WINDOWS\System32\KERNEL32.DLL
0x00007ffeebce0000 - 0x00007ffeebefd000 	C:\WINDOWS\System32\KERNELBASE.dll
0x00007ffeeeb30000 - 0x00007ffeeebd2000 	C:\WINDOWS\System32\ADVAPI32.dll
0x00007ffeed970000 - 0x00007ffeeda0e000 	C:\WINDOWS\System32\msvcrt.dll
0x00007ffeed910000 - 0x00007ffeed969000 	C:\WINDOWS\System32\sechost.dll
0x00007ffeedc80000 - 0x00007ffeedda1000 	C:\WINDOWS\System32\RPCRT4.dll
0x00007ffeedb10000 - 0x00007ffeedc75000 	C:\WINDOWS\System32\USER32.dll
0x00007ffeeb360000 - 0x00007ffeeb37e000 	C:\WINDOWS\System32\win32u.dll
0x00007ffeed730000 - 0x00007ffeed764000 	C:\WINDOWS\System32\GDI32.dll
0x00007ffeeb120000 - 0x00007ffeeb2a2000 	C:\WINDOWS\System32\gdi32full.dll
0x00007ffedae00000 - 0x00007ffedb079000 	C:\WINDOWS\WinSxS\amd64_microsoft.windows.common-controls_6595b64144ccf1df_6.0.14393.447_none_42191651c6827bb3\COMCTL32.dll
0x00007ffeee730000 - 0x00007ffeee9f7000 	C:\WINDOWS\System32\combase.dll
0x00007ffeebad0000 - 0x00007ffeebbc5000 	C:\WINDOWS\System32\ucrtbase.dll
0x00007ffeeb380000 - 0x00007ffeeb3ea000 	C:\WINDOWS\System32\bcryptPrimitives.dll
0x00007ffeedf40000 - 0x00007ffeedf6e000 	C:\WINDOWS\System32\IMM32.DLL
0x0000000050d70000 - 0x0000000050e42000 	C:\Program Files\Java\jdk1.8.0_111\jre\bin\msvcr100.dll
0x00000000504d0000 - 0x0000000050d6a000 	C:\Program Files\Java\jdk1.8.0_111\jre\bin\server\jvm.dll
0x00007ffeeea00000 - 0x00007ffeeea08000 	C:\WINDOWS\System32\PSAPI.DLL
0x00007ffed9700000 - 0x00007ffed9709000 	C:\WINDOWS\SYSTEM32\WSOCK32.dll
0x00007ffeedf70000 - 0x00007ffeedfda000 	C:\WINDOWS\System32\WS2_32.dll
0x00007ffee9470000 - 0x00007ffee9493000 	C:\WINDOWS\SYSTEM32\WINMM.dll
0x00007ffedb8a0000 - 0x00007ffedb8aa000 	C:\WINDOWS\SYSTEM32\VERSION.dll
0x00007ffee9440000 - 0x00007ffee946b000 	C:\WINDOWS\SYSTEM32\WINMMBASE.dll
0x00007ffeeb0d0000 - 0x00007ffeeb112000 	C:\WINDOWS\System32\cfgmgr32.dll
0x0000000050f50000 - 0x0000000050f5f000 	C:\Program Files\Java\jdk1.8.0_111\jre\bin\verify.dll
0x0000000050f20000 - 0x0000000050f49000 	C:\Program Files\Java\jdk1.8.0_111\jre\bin\java.dll
0x0000000050f00000 - 0x0000000050f16000 	C:\Program Files\Java\jdk1.8.0_111\jre\bin\zip.dll
0x00007ffeec170000 - 0x00007ffeed679000 	C:\WINDOWS\System32\SHELL32.dll
0x00007ffeeb3f0000 - 0x00007ffeebaca000 	C:\WINDOWS\System32\windows.storage.dll
0x00007ffeeb050000 - 0x00007ffeeb09c000 	C:\WINDOWS\System32\powrprof.dll
0x00007ffeeea10000 - 0x00007ffeeea62000 	C:\WINDOWS\System32\shlwapi.dll
0x00007ffeeb0c0000 - 0x00007ffeeb0cf000 	C:\WINDOWS\System32\kernel.appcore.dll
0x00007ffeeb2b0000 - 0x00007ffeeb359000 	C:\WINDOWS\System32\shcore.dll
0x00007ffeeb0a0000 - 0x00007ffeeb0b4000 	C:\WINDOWS\System32\profapi.dll
0x0000000050ee0000 - 0x0000000050efa000 	C:\Program Files\Java\jdk1.8.0_111\jre\bin\net.dll
0x00007ffeea820000 - 0x00007ffeea87c000 	C:\WINDOWS\system32\mswsock.dll
0x0000000050ec0000 - 0x0000000050ed1000 	C:\Program Files\Java\jdk1.8.0_111\jre\bin\nio.dll
0x00007ffee8480000 - 0x00007ffee8492000 	C:\Users\tnoon_000\.gradle\native\19\windows-amd64\native-platform.dll
0x00007ffeeab10000 - 0x00007ffeeab27000 	C:\WINDOWS\SYSTEM32\CRYPTSP.dll
0x00007ffeeaa20000 - 0x00007ffeeaa53000 	C:\WINDOWS\system32\rsaenh.dll
0x00007ffeeac20000 - 0x00007ffeeac4b000 	C:\WINDOWS\SYSTEM32\bcrypt.dll
0x00007ffeea6a0000 - 0x00007ffeea6bf000 	C:\WINDOWS\SYSTEM32\USERENV.dll
0x00007ffeeab30000 - 0x00007ffeeab3b000 	C:\WINDOWS\SYSTEM32\CRYPTBASE.dll
0x00007ffeea5b0000 - 0x00007ffeea5e8000 	C:\WINDOWS\SYSTEM32\IPHLPAPI.DLL
0x00007ffeeddb0000 - 0x00007ffeeddb8000 	C:\WINDOWS\System32\NSI.dll
0x00007ffee21b0000 - 0x00007ffee21c6000 	C:\WINDOWS\SYSTEM32\dhcpcsvc6.DLL
0x00007ffee21f0000 - 0x00007ffee220a000 	C:\WINDOWS\SYSTEM32\dhcpcsvc.DLL
0x00000000504c0000 - 0x00000000504cd000 	C:\Program Files\Java\jdk1.8.0_111\jre\bin\management.dll

VM Arguments:
jvm_args: -Xmx2048m -Dfile.encoding=windows-1252 -Duser.country=US -Duser.language=en -Duser.variant 
java_command: org.gradle.launcher.daemon.bootstrap.GradleDaemon 2.14.1
java_class_path (initial): C:\Users\tnoon_000\.gradle\wrapper\dists\gradle-2.14.1-all\53l0mv9mggp9q5m2ip574m21oh\gradle-2.14.1\lib\gradle-launcher-2.14.1.jar
Launcher Type: SUN_STANDARD

Environment Variables:
JAVA_HOME=C:\Program Files\Java\jdk1.8.0_111
CLASSPATH=C:\Users\tnoon_000\Desktop\ionic_hw4\platforms\android\\gradle\wrapper\gradle-wrapper.jar
PATH=C:\ProgramData\Oracle\Java\javapath;C:\Program Files (x86)\Intel\iCLS Client\;C:\Program Files\Intel\iCLS Client\;C:\WINDOWS\system32;C:\WINDOWS;C:\WINDOWS\System32\Wbem;C:\WINDOWS\System32\WindowsPowerShell\v1.0\;C:\Program Files\Intel\Intel(R) Management Engine Components\DAL;C:\Program Files (x86)\Intel\Intel(R) Management Engine Components\DAL;C:\Program Files\Intel\Intel(R) Management Engine Components\IPT;C:\Program Files (x86)\Intel\Intel(R) Management Engine Components\IPT;C:\Program Files\Lenovo\Fingerprint Manager Pro\;C:\ProgramData\Lenovo\ReadyApps;C:\Python27;C:\python27\Scripts;C:\openssl-win32\bin;C:\Scripts\newDir\imgur\;C:\Program Files (x86)\PharosSystems\Core;C:\Program Files (x86)\QuickTime\QTSystem\;C:\Program Files (x86)\Skype\Phone\;C:\Program Files\Intel\WiFi\bin\;C:\Program Files\Common Files\Intel\WirelessCommon\;C:\Program Files\Git\cmd;C:\Program Files\nodejs\;C:\Users\tnoon_000\AppData\Local\Microsoft\WindowsApps;C:\Program Files\Intel\WiFi\bin\;C:\Program Files\Common Files\Intel\WirelessCommon\;C:\Users\tnoon_000\AppData\Roaming\npm;C:\Users\tnoon_000\AppData\Local\Android\sdk\tools;C:\Users\tnoon_000\AppData\Local\Android\sdk\platform-tools;C:\Program Files\Java\jdk1.8.0_111\bin
USERNAME=tnoon_000
OS=Windows_NT
PROCESSOR_IDENTIFIER=Intel64 Family 6 Model 61 Stepping 4, GenuineIntel



---------------  S Y S T E M  ---------------

OS: Windows 10.0 , 64 bit Build 14393 (10.0.14393.0)

CPU:total 4 (2 cores per cpu, 2 threads per core) family 6 model 61 stepping 4, cmov, cx8, fxsr, mmx, sse, sse2, sse3, ssse3, sse4.1, sse4.2, popcnt, avx, avx2, aes, clmul, erms, 3dnowpref, lzcnt, ht, tsc, tscinvbit, bmi1, bmi2, adx

Memory: 4k page, physical 8265012k(442732k free), swap 11864128k(1684k free)

vm_info: Java HotSpot(TM) 64-Bit Server VM (25.111-b14) for windows-amd64 JRE (1.8.0_111-b14), built on Sep 22 2016 19:24:05 by "java_re" with MS VC++ 10.0 (VS2010)

time: Wed Nov 30 09:45:17 2016
elapsed time: 14 seconds (0d 0h 0m 14s)

