#
# There is insufficient memory for the Java Runtime Environment to continue.
# Native memory allocation (malloc) failed to allocate 340176 bytes for Chunk::new
# Possible reasons:
#   The system is out of physical RAM or swap space
#   In 32 bit mode, the process size limit was hit
# Possible solutions:
#   Reduce memory load on the system
#   Increase physical memory or swap space
#   Check if swap backing store is full
#   Use 64 bit Java on a 64 bit OS
#   Decrease Java heap size (-Xmx/-Xms)
#   Decrease number of Java threads
#   Decrease Java thread stack sizes (-Xss)
#   Set larger code cache with -XX:ReservedCodeCacheSize=
# This output file may be truncated or incomplete.
#
#  Out of Memory Error (allocation.cpp:390), pid=11572, tid=0x00000000000023e0
#
# JRE version: Java(TM) SE Runtime Environment (8.0_111-b14) (build 1.8.0_111-b14)
# Java VM: Java HotSpot(TM) 64-Bit Server VM (25.111-b14 mixed mode windows-amd64 compressed oops)
# Failed to write core dump. Minidumps are not enabled by default on client versions of Windows
#

---------------  T H R E A D  ---------------

Current thread (0x0000000017be2800):  JavaThread "C2 CompilerThread1" daemon [_thread_in_native, id=9184, stack(0x0000000019340000,0x0000000019440000)]

Stack: [0x0000000019340000,0x0000000019440000]
[error occurred during error reporting (printing stack bounds), id 0xc0000005]

Native frames: (J=compiled Java code, j=interpreted, Vv=VM code, C=native code)


Current CompileTask:
C2:  14739 1536   !   4       java.net.URLClassLoader$1::run (63 bytes)


---------------  P R O C E S S  ---------------

Java Threads: ( => current thread )
  0x000000001a517800 JavaThread "Stdin handler" [_thread_blocked, id=3164, stack(0x000000001c540000,0x000000001c640000)]
  0x0000000019595000 JavaThread "Asynchronous log dispatcher for org.gradle.launcher.daemon.server.DefaultDaemonConnection@5addf396" [_thread_blocked, id=7144, stack(0x000000001c240000,0x000000001c340000)]
  0x0000000019592000 JavaThread "Daemon worker" [_thread_in_native, id=10072, stack(0x000000001c140000,0x000000001c240000)]
  0x0000000019cc5800 JavaThread "Cancel handler" [_thread_blocked, id=6696, stack(0x000000001c040000,0x000000001c140000)]
  0x0000000019447000 JavaThread "Handler for socket connection from /127.0.0.1:55154 to /127.0.0.1:55155" [_thread_in_native, id=13900, stack(0x000000001bf40000,0x000000001c040000)]
  0x0000000019446000 JavaThread "Daemon" [_thread_blocked, id=3760, stack(0x000000001be40000,0x000000001bf40000)]
  0x000000001959d000 JavaThread "Incoming local TCP Connector on port 55154" [_thread_in_native, id=12996, stack(0x000000001b750000,0x000000001b850000)]
  0x000000001a71a000 JavaThread "pool-1-thread-1" [_thread_blocked, id=14880, stack(0x000000001b650000,0x000000001b750000)]
  0x000000001944b000 JavaThread "Service Thread" daemon [_thread_blocked, id=6248, stack(0x0000000019940000,0x0000000019a40000)]
  0x0000000019448800 JavaThread "C1 CompilerThread2" daemon [_thread_blocked, id=5620, stack(0x0000000019840000,0x0000000019940000)]
=>0x0000000017be2800 JavaThread "C2 CompilerThread1" daemon [_thread_in_native, id=9184, stack(0x0000000019340000,0x0000000019440000)]
  0x0000000017be0000 JavaThread "C2 CompilerThread0" daemon [_thread_in_native, id=14728, stack(0x0000000019240000,0x0000000019340000)]
  0x0000000017bdb800 JavaThread "Attach Listener" daemon [_thread_blocked, id=9956, stack(0x0000000019140000,0x0000000019240000)]
  0x0000000017bda000 JavaThread "Signal Dispatcher" daemon [_thread_blocked, id=12976, stack(0x0000000019040000,0x0000000019140000)]
  0x0000000017bca000 JavaThread "Finalizer" daemon [_thread_blocked, id=1768, stack(0x0000000018e50000,0x0000000018f50000)]
  0x0000000002fb1000 JavaThread "Reference Handler" daemon [_thread_blocked, id=8164, stack(0x0000000018d50000,0x0000000018e50000)]
  0x0000000002ebe000 JavaThread "main" [_thread_blocked, id=12252, stack(0x0000000002d40000,0x0000000002e40000)]

Other Threads:
  0x0000000017ba7000 VMThread [stack: 0x0000000018c50000,0x0000000018d50000] [id=12928]
  0x000000001945b000 WatcherThread [stack: 0x0000000019a40000,0x0000000019b40000] [id=5896]

VM state:not at safepoint (normal execution)

VM Mutex/Monitor currently owned by a thread: None

Heap:
 PSYoungGen      total 38400K, used 28558K [0x00000000d5580000, 0x00000000d8000000, 0x0000000100000000)
  eden space 33280K, 70% used [0x00000000d5580000,0x00000000d6c69a10,0x00000000d7600000)
  from space 5120K, 99% used [0x00000000d7b00000,0x00000000d7ffa1c8,0x00000000d8000000)
  to   space 5120K, 0% used [0x00000000d7600000,0x00000000d7600000,0x00000000d7b00000)
 ParOldGen       total 87552K, used 711K [0x0000000080000000, 0x0000000085580000, 0x00000000d5580000)
  object space 87552K, 0% used [0x0000000080000000,0x00000000800b1c48,0x0000000085580000)
 Metaspace       used 17315K, capacity 17660K, committed 17920K, reserved 1064960K
  class space    used 2334K, capacity 2454K, committed 2560K, reserved 1048576K

Card table byte_map: [0x0000000012380000,0x0000000012790000] byte_map_base: 0x0000000011f80000

Marking Bits: (ParMarkBitMap*) 0x0000000050cea6c0
 Begin Bits: [0x0000000012e40000, 0x0000000014e40000)
 End Bits:   [0x0000000014e40000, 0x0000000016e40000)

Polling page: 0x00000000013c0000

CodeCache: size=245760Kb used=5253Kb max_used=5253Kb free=240506Kb
 bounds [0x0000000002fc0000, 0x00000000034f0000, 0x0000000011fc0000]
 total_blobs=1921 nmethods=1543 adapters=290
 compilation: enabled

Compilation events (10 events):
Event: 14.401 Thread 0x0000000019448800 1546       3       java.util.concurrent.locks.AbstractQueuedSynchronizer$ConditionObject::checkInterruptWhileWaiting (27 bytes)
Event: 14.402 Thread 0x0000000019448800 nmethod 1546 0x00000000034daed0 code [0x00000000034db0a0, 0x00000000034db6f8]
Event: 14.402 Thread 0x0000000019448800 1547       3       java.util.concurrent.locks.LockSupport::parkNanos (29 bytes)
Event: 14.403 Thread 0x0000000019448800 nmethod 1547 0x00000000034d71d0 code [0x00000000034d7340, 0x00000000034d76c8]
Event: 14.534 Thread 0x0000000019448800 1548       3       org.gradle.internal.service.DefaultServiceRegistry$ClassSpec::hashCode (8 bytes)
Event: 14.534 Thread 0x0000000019448800 nmethod 1548 0x00000000034daa90 code [0x00000000034dac00, 0x00000000034dae08]
Event: 14.566 Thread 0x0000000019448800 1550       1       java.util.HashMap::afterNodeAccess (1 bytes)
Event: 14.567 Thread 0x0000000019448800 nmethod 1550 0x00000000034da7d0 code [0x00000000034da920, 0x00000000034daa30]
Event: 14.643 Thread 0x0000000019448800 1551       3       java.util.concurrent.locks.ReentrantLock::unlock (10 bytes)
Event: 14.643 Thread 0x0000000019448800 nmethod 1551 0x00000000034e3010 code [0x00000000034e31a0, 0x00000000034e3598]

GC Heap History (4 events):
Event: 3.371 GC heap before
{Heap before GC invocations=1 (full 0):
 PSYoungGen      total 38400K, used 33280K [0x00000000d5580000, 0x00000000d8000000, 0x0000000100000000)
  eden space 33280K, 100% used [0x00000000d5580000,0x00000000d7600000,0x00000000d7600000)
  from space 5120K, 0% used [0x00000000d7b00000,0x00000000d7b00000,0x00000000d8000000)
  to   space 5120K, 0% used [0x00000000d7600000,0x00000000d7600000,0x00000000d7b00000)
 ParOldGen       total 87552K, used 0K [0x0000000080000000, 0x0000000085580000, 0x00000000d5580000)
  object space 87552K, 0% used [0x0000000080000000,0x0000000080000000,0x0000000085580000)
 Metaspace       used 5961K, capacity 6320K, committed 6528K, reserved 1056768K
  class space    used 774K, capacity 832K, committed 896K, reserved 1048576K
Event: 3.379 GC heap after
Heap after GC invocations=1 (full 0):
 PSYoungGen      total 38400K, used 4061K [0x00000000d5580000, 0x00000000d8000000, 0x0000000100000000)
  eden space 33280K, 0% used [0x00000000d5580000,0x00000000d5580000,0x00000000d7600000)
  from space 5120K, 79% used [0x00000000d7600000,0x00000000d79f7708,0x00000000d7b00000)
  to   space 5120K, 0% used [0x00000000d7b00000,0x00000000d7b00000,0x00000000d8000000)
 ParOldGen       total 87552K, used 8K [0x0000000080000000, 0x0000000085580000, 0x00000000d5580000)
  object space 87552K, 0% used [0x0000000080000000,0x0000000080002000,0x0000000085580000)
 Metaspace       used 5961K, capacity 6320K, committed 6528K, reserved 1056768K
  class space    used 774K, capacity 832K, committed 896K, reserved 1048576K
}
Event: 12.547 GC heap before
{Heap before GC invocations=2 (full 0):
 PSYoungGen      total 38400K, used 37341K [0x00000000d5580000, 0x00000000d8000000, 0x0000000100000000)
  eden space 33280K, 100% used [0x00000000d5580000,0x00000000d7600000,0x00000000d7600000)
  from space 5120K, 79% used [0x00000000d7600000,0x00000000d79f7708,0x00000000d7b00000)
  to   space 5120K, 0% used [0x00000000d7b00000,0x00000000d7b00000,0x00000000d8000000)
 ParOldGen       total 87552K, used 8K [0x0000000080000000, 0x0000000085580000, 0x00000000d5580000)
  object space 87552K, 0% used [0x0000000080000000,0x0000000080002000,0x0000000085580000)
 Metaspace       used 12407K, capacity 12796K, committed 12928K, reserved 1060864K
  class space    used 1697K, capacity 1814K, committed 1920K, reserved 1048576K
Event: 12.558 GC heap after
Heap after GC invocations=2 (full 0):
 PSYoungGen      total 38400K, used 5096K [0x00000000d5580000, 0x00000000d8000000, 0x0000000100000000)
  eden space 33280K, 0% used [0x00000000d5580000,0x00000000d5580000,0x00000000d7600000)
  from space 5120K, 99% used [0x00000000d7b00000,0x00000000d7ffa1c8,0x00000000d8000000)
  to   space 5120K, 0% used [0x00000000d7600000,0x00000000d7600000,0x00000000d7b00000)
 ParOldGen       total 87552K, used 711K [0x0000000080000000, 0x0000000085580000, 0x00000000d5580000)
  object space 87552K, 0% used [0x0000000080000000,0x00000000800b1c48,0x0000000085580000)
 Metaspace       used 12407K, capacity 12796K, committed 12928K, reserved 1060864K
  class space    used 1697K, capacity 1814K, committed 1920K, reserved 1048576K
}

Deoptimization events (10 events):
Event: 3.828 Thread 0x0000000002ebe000 Uncommon trap: reason=unstable_if action=reinterpret pc=0x00000000031f5a7c method=java.util.HashMap.getNode(ILjava/lang/Object;)Ljava/util/HashMap$Node; @ 129
Event: 3.829 Thread 0x0000000002ebe000 Uncommon trap: reason=bimorphic action=maybe_recompile pc=0x00000000032151c4 method=java.util.HashMap.putVal(ILjava/lang/Object;Ljava/lang/Object;ZZ)Ljava/lang/Object; @ 203
Event: 4.666 Thread 0x0000000002ebe000 Uncommon trap: reason=unstable_if action=reinterpret pc=0x0000000003293ef0 method=java.io.WinNTFileSystem.normalize(Ljava/lang/String;)Ljava/lang/String; @ 128
Event: 4.666 Thread 0x0000000002ebe000 Uncommon trap: reason=unstable_if action=reinterpret pc=0x0000000003259800 method=java.io.WinNTFileSystem.normalize(Ljava/lang/String;II)Ljava/lang/String; @ 90
Event: 4.828 Thread 0x0000000002ebe000 Uncommon trap: reason=unstable_if action=reinterpret pc=0x00000000032a3d14 method=java.lang.String.substring(I)Ljava/lang/String; @ 35
Event: 12.169 Thread 0x0000000019592000 Uncommon trap: reason=bimorphic action=maybe_recompile pc=0x000000000321517c method=java.util.HashMap.putVal(ILjava/lang/Object;Ljava/lang/Object;ZZ)Ljava/lang/Object; @ 91
Event: 12.170 Thread 0x0000000019592000 Uncommon trap: reason=bimorphic action=maybe_recompile pc=0x0000000003218448 method=java.util.HashMap.putVal(ILjava/lang/Object;Ljava/lang/Object;ZZ)Ljava/lang/Object; @ 91
Event: 12.708 Thread 0x0000000019592000 Uncommon trap: reason=unstable_if action=reinterpret pc=0x000000000310ea08 method=java.net.URI.match(CJJ)Z @ 19
Event: 14.547 Thread 0x0000000019592000 Uncommon trap: reason=class_check action=maybe_recompile pc=0x00000000031f9e5c method=java.util.regex.Matcher.match(II)Z @ 86
Event: 14.547 Thread 0x0000000019592000 Uncommon trap: reason=class_check action=maybe_recompile pc=0x00000000031f9e5c method=java.util.regex.Matcher.match(II)Z @ 86

Internal exceptions (10 events):
Event: 13.874 Thread 0x0000000019592000 Exception <a 'java/lang/ClassNotFoundException': groovy/lang/ExpandoMetaClassBeanInfo> (0x00000000d6373d30) thrown at [C:\re\workspace\8-2-build-windows-amd64-cygwin\jdk8u111\7883\hotspot\src\share\vm\classfile\systemDictionary.cpp, line 210]
Event: 13.874 Thread 0x0000000019592000 Exception <a 'java/lang/ClassNotFoundException': groovy/lang/MetaClassImplBeanInfo> (0x00000000d637ea00) thrown at [C:\re\workspace\8-2-build-windows-amd64-cygwin\jdk8u111\7883\hotspot\src\share\vm\classfile\systemDictionary.cpp, line 210]
Event: 13.874 Thread 0x0000000019592000 Exception <a 'java/lang/ClassNotFoundException': java/lang/ObjectBeanInfo> (0x00000000d6383988) thrown at [C:\re\workspace\8-2-build-windows-amd64-cygwin\jdk8u111\7883\hotspot\src\share\vm\classfile\systemDictionary.cpp, line 210]
Event: 13.875 Thread 0x0000000019592000 Exception <a 'java/lang/ClassNotFoundException': java/lang/ObjectCustomizer> (0x00000000d6388a58) thrown at [C:\re\workspace\8-2-build-windows-amd64-cygwin\jdk8u111\7883\hotspot\src\share\vm\classfile\systemDictionary.cpp, line 210]
Event: 13.880 Thread 0x0000000019592000 Exception <a 'java/lang/ClassNotFoundException': groovy/lang/MetaClassImplCustomizer> (0x00000000d639b448) thrown at [C:\re\workspace\8-2-build-windows-amd64-cygwin\jdk8u111\7883\hotspot\src\share\vm\classfile\systemDictionary.cpp, line 210]
Event: 13.884 Thread 0x0000000019592000 Exception <a 'java/lang/ClassNotFoundException': groovy/lang/ExpandoMetaClassCustomizer> (0x00000000d63cf380) thrown at [C:\re\workspace\8-2-build-windows-amd64-cygwin\jdk8u111\7883\hotspot\src\share\vm\classfile\systemDictionary.cpp, line 210]
Event: 13.899 Thread 0x0000000019592000 Exception <a 'java/lang/ClassNotFoundException': org/gradle/api/internal/plugins/DefaultExtraPropertiesExtensionBeanInfo> (0x00000000d644fd80) thrown at [C:\re\workspace\8-2-build-windows-amd64-cygwin\jdk8u111\7883\hotspot\src\share\vm\classfile\systemDic
Event: 13.900 Thread 0x0000000019592000 Exception <a 'java/lang/ClassNotFoundException': groovy/lang/GroovyObjectSupportBeanInfo> (0x00000000d645bbb8) thrown at [C:\re\workspace\8-2-build-windows-amd64-cygwin\jdk8u111\7883\hotspot\src\share\vm\classfile\systemDictionary.cpp, line 210]
Event: 13.900 Thread 0x0000000019592000 Exception <a 'java/lang/ClassNotFoundException': groovy/lang/GroovyObjectSupportCustomizer> (0x00000000d6467d78) thrown at [C:\re\workspace\8-2-build-windows-amd64-cygwin\jdk8u111\7883\hotspot\src\share\vm\classfile\systemDictionary.cpp, line 210]
Event: 13.901 Thread 0x0000000019592000 Exception <a 'java/lang/ClassNotFoundException': org/gradle/api/internal/plugins/DefaultExtraPropertiesExtensionCustomizer> (0x00000000d647e1b8) thrown at [C:\re\workspace\8-2-build-windows-amd64-cygwin\jdk8u111\7883\hotspot\src\share\vm\classfile\systemD

Events (10 events):
Event: 14.563 loading class org/gradle/cache/internal/DefaultCacheFactory$DirCacheReference
Event: 14.563 loading class org/gradle/cache/internal/DefaultCacheFactory$DirCacheReference done
Event: 14.564 loading class org/gradle/cache/internal/DefaultCacheFactory$ReferenceTrackingCache
Event: 14.564 loading class org/gradle/cache/internal/DefaultCacheFactory$ReferenceTrackingCache done
Event: 14.564 loading class org/gradle/plugin/use/resolve/service/internal/PersistentCachingPluginResolutionServiceClient
Event: 14.564 loading class org/gradle/plugin/use/resolve/service/internal/PersistentCachingPluginResolutionServiceClient done
Event: 14.566 loading class org/gradle/plugin/use/resolve/service/internal/PersistentCachingPluginResolutionServiceClient$PluginRequestKey$Serializer
Event: 14.566 loading class org/gradle/plugin/use/resolve/service/internal/PersistentCachingPluginResolutionServiceClient$PluginRequestKey$Serializer done
Event: 14.567 loading class org/gradle/plugin/use/resolve/service/internal/PluginUseMetaData$Serializer
Event: 14.567 loading class org/gradle/plugin/use/resolve/service/internal/PluginUseMetaData$Serializer done


Dynamic libraries:
0x00007ff6f8e40000 - 0x00007ff6f8e77000 	C:\Program Files\Java\jdk1.8.0_111\bin\java.exe
0x00007ffeeebe0000 - 0x00007ffeeedb1000 	C:\WINDOWS\SYSTEM32\ntdll.dll
0x00007ffeed680000 - 0x00007ffeed72b000 	C:\WINDOWS\System32\KERNEL32.DLL
0x00007ffeebce0000 - 0x00007ffeebefd000 	C:\WINDOWS\System32\KERNELBASE.dll
0x00007ffeeeb30000 - 0x00007ffeeebd2000 	C:\WINDOWS\System32\ADVAPI32.dll
0x00007ffeed970000 - 0x00007ffeeda0e000 	C:\WINDOWS\System32\msvcrt.dll
0x00007ffeed910000 - 0x00007ffeed969000 	C:\WINDOWS\System32\sechost.dll
0x00007ffeedc80000 - 0x00007ffeedda1000 	C:\WINDOWS\System32\RPCRT4.dll
0x00007ffeedb10000 - 0x00007ffeedc75000 	C:\WINDOWS\System32\USER32.dll
0x00007ffeeb360000 - 0x00007ffeeb37e000 	C:\WINDOWS\System32\win32u.dll
0x00007ffeed730000 - 0x00007ffeed764000 	C:\WINDOWS\System32\GDI32.dll
0x00007ffeeb120000 - 0x00007ffeeb2a2000 	C:\WINDOWS\System32\gdi32full.dll
0x00007ffedae00000 - 0x00007ffedb079000 	C:\WINDOWS\WinSxS\amd64_microsoft.windows.common-controls_6595b64144ccf1df_6.0.14393.447_none_42191651c6827bb3\COMCTL32.dll
0x00007ffeee730000 - 0x00007ffeee9f7000 	C:\WINDOWS\System32\combase.dll
0x00007ffeebad0000 - 0x00007ffeebbc5000 	C:\WINDOWS\System32\ucrtbase.dll
0x00007ffeeb380000 - 0x00007ffeeb3ea000 	C:\WINDOWS\System32\bcryptPrimitives.dll
0x00007ffeedf40000 - 0x00007ffeedf6e000 	C:\WINDOWS\System32\IMM32.DLL
0x0000000050d70000 - 0x0000000050e42000 	C:\Program Files\Java\jdk1.8.0_111\jre\bin\msvcr100.dll
0x00000000504d0000 - 0x0000000050d6a000 	C:\Program Files\Java\jdk1.8.0_111\jre\bin\server\jvm.dll
0x00007ffeeea00000 - 0x00007ffeeea08000 	C:\WINDOWS\System32\PSAPI.DLL
0x00007ffed9700000 - 0x00007ffed9709000 	C:\WINDOWS\SYSTEM32\WSOCK32.dll
0x00007ffeedf70000 - 0x00007ffeedfda000 	C:\WINDOWS\System32\WS2_32.dll
0x00007ffee9470000 - 0x00007ffee9493000 	C:\WINDOWS\SYSTEM32\WINMM.dll
0x00007ffedb8a0000 - 0x00007ffedb8aa000 	C:\WINDOWS\SYSTEM32\VERSION.dll
0x00007ffee9440000 - 0x00007ffee946b000 	C:\WINDOWS\SYSTEM32\WINMMBASE.dll
0x00007ffeeb0d0000 - 0x00007ffeeb112000 	C:\WINDOWS\System32\cfgmgr32.dll
0x0000000050f50000 - 0x0000000050f5f000 	C:\Program Files\Java\jdk1.8.0_111\jre\bin\verify.dll
0x0000000050f20000 - 0x0000000050f49000 	C:\Program Files\Java\jdk1.8.0_111\jre\bin\java.dll
0x0000000050f00000 - 0x0000000050f16000 	C:\Program Files\Java\jdk1.8.0_111\jre\bin\zip.dll
0x00007ffeec170000 - 0x00007ffeed679000 	C:\WINDOWS\System32\SHELL32.dll
0x00007ffeeb3f0000 - 0x00007ffeebaca000 	C:\WINDOWS\System32\windows.storage.dll
0x00007ffeeb050000 - 0x00007ffeeb09c000 	C:\WINDOWS\System32\powrprof.dll
0x00007ffeeea10000 - 0x00007ffeeea62000 	C:\WINDOWS\System32\shlwapi.dll
0x00007ffeeb0c0000 - 0x00007ffeeb0cf000 	C:\WINDOWS\System32\kernel.appcore.dll
0x00007ffeeb2b0000 - 0x00007ffeeb359000 	C:\WINDOWS\System32\shcore.dll
0x00007ffeeb0a0000 - 0x00007ffeeb0b4000 	C:\WINDOWS\System32\profapi.dll
0x0000000050ee0000 - 0x0000000050efa000 	C:\Program Files\Java\jdk1.8.0_111\jre\bin\net.dll
0x00007ffeea820000 - 0x00007ffeea87c000 	C:\WINDOWS\system32\mswsock.dll
0x0000000050ec0000 - 0x0000000050ed1000 	C:\Program Files\Java\jdk1.8.0_111\jre\bin\nio.dll
0x00007ffee8480000 - 0x00007ffee8492000 	C:\Users\tnoon_000\.gradle\native\19\windows-amd64\native-platform.dll
0x00007ffeeab10000 - 0x00007ffeeab27000 	C:\WINDOWS\SYSTEM32\CRYPTSP.dll
0x00007ffeeaa20000 - 0x00007ffeeaa53000 	C:\WINDOWS\system32\rsaenh.dll
0x00007ffeeac20000 - 0x00007ffeeac4b000 	C:\WINDOWS\SYSTEM32\bcrypt.dll
0x00007ffeea6a0000 - 0x00007ffeea6bf000 	C:\WINDOWS\SYSTEM32\USERENV.dll
0x00007ffeeab30000 - 0x00007ffeeab3b000 	C:\WINDOWS\SYSTEM32\CRYPTBASE.dll
0x00007ffeea5b0000 - 0x00007ffeea5e8000 	C:\WINDOWS\SYSTEM32\IPHLPAPI.DLL
0x00007ffeeddb0000 - 0x00007ffeeddb8000 	C:\WINDOWS\System32\NSI.dll
0x00007ffee21b0000 - 0x00007ffee21c6000 	C:\WINDOWS\SYSTEM32\dhcpcsvc6.DLL
0x00007ffee21f0000 - 0x00007ffee220a000 	C:\WINDOWS\SYSTEM32\dhcpcsvc.DLL
0x00000000504c0000 - 0x00000000504cd000 	C:\Program Files\Java\jdk1.8.0_111\jre\bin\management.dll

VM Arguments:
jvm_args: -Xmx2048m -Dfile.encoding=windows-1252 -Duser.country=US -Duser.language=en -Duser.variant 
java_command: org.gradle.launcher.daemon.bootstrap.GradleDaemon 2.14.1
java_class_path (initial): C:\Users\tnoon_000\.gradle\wrapper\dists\gradle-2.14.1-all\53l0mv9mggp9q5m2ip574m21oh\gradle-2.14.1\lib\gradle-launcher-2.14.1.jar
Launcher Type: SUN_STANDARD

Environment Variables:
JAVA_HOME=C:\Program Files\Java\jdk1.8.0_111
CLASSPATH=C:\Users\tnoon_000\Desktop\ionic_hw4\platforms\android\\gradle\wrapper\gradle-wrapper.jar
PATH=C:\ProgramData\Oracle\Java\javapath;C:\Program Files (x86)\Intel\iCLS Client\;C:\Program Files\Intel\iCLS Client\;C:\WINDOWS\system32;C:\WINDOWS;C:\WINDOWS\System32\Wbem;C:\WINDOWS\System32\WindowsPowerShell\v1.0\;C:\Program Files\Intel\Intel(R) Management Engine Components\DAL;C:\Program Files (x86)\Intel\Intel(R) Management Engine Components\DAL;C:\Program Files\Intel\Intel(R) Management Engine Components\IPT;C:\Program Files (x86)\Intel\Intel(R) Management Engine Components\IPT;C:\Program Files\Lenovo\Fingerprint Manager Pro\;C:\ProgramData\Lenovo\ReadyApps;C:\Python27;C:\python27\Scripts;C:\openssl-win32\bin;C:\Scripts\newDir\imgur\;C:\Program Files (x86)\PharosSystems\Core;C:\Program Files (x86)\QuickTime\QTSystem\;C:\Program Files (x86)\Skype\Phone\;C:\Program Files\Intel\WiFi\bin\;C:\Program Files\Common Files\Intel\WirelessCommon\;C:\Program Files\Git\cmd;C:\Program Files\nodejs\;C:\Users\tnoon_000\AppData\Local\Microsoft\WindowsApps;C:\Program Files\Intel\WiFi\bin\;C:\Program Files\Common Files\Intel\WirelessCommon\;C:\Users\tnoon_000\AppData\Roaming\npm;C:\Users\tnoon_000\AppData\Local\Android\sdk\tools;C:\Users\tnoon_000\AppData\Local\Android\sdk\platform-tools;C:\Program Files\Java\jdk1.8.0_111\bin
USERNAME=tnoon_000
OS=Windows_NT
PROCESSOR_IDENTIFIER=Intel64 Family 6 Model 61 Stepping 4, GenuineIntel



---------------  S Y S T E M  ---------------

OS: Windows 10.0 , 64 bit Build 14393 (10.0.14393.0)

CPU:total 4 (2 cores per cpu, 2 threads per core) family 6 model 61 stepping 4, cmov, cx8, fxsr, mmx, sse, sse2, sse3, ssse3, sse4.1, sse4.2, popcnt, avx, avx2, aes, clmul, erms, 3dnowpref, lzcnt, ht, tsc, tscinvbit, bmi1, bmi2, adx

Memory: 4k page, physical 8265012k(446752k free), swap 11864128k(5192k free)

vm_info: Java HotSpot(TM) 64-Bit Server VM (25.111-b14) for windows-amd64 JRE (1.8.0_111-b14), built on Sep 22 2016 19:24:05 by "java_re" with MS VC++ 10.0 (VS2010)

time: Wed Nov 30 09:45:17 2016
elapsed time: 14 seconds (0d 0h 0m 14s)

